Arguments: 
  /usr/bin/node /usr/bin/yarn install

PATH: 
  /usr/local/bin:/usr/local/sbin:/usr/bin:/home/rmu/.local/share/flatpak/exports/bin:/usr/lib/jvm/default/bin:/usr/bin/site_perl:/usr/bin/vendor_perl:/usr/bin/core_perl:/home/rmu/go/bin

Yarn version: 
  1.6.0

Node version: 
  10.0.0

Platform: 
  linux x64

Trace: 
  SyntaxError: /home/rmu/Code/steam-chat/package.json: Unexpected token p in JSON at position 173
      at JSON.parse (<anonymous>)
      at /usr/lib/node_modules/yarn/lib/cli.js:1130:59
      at Generator.next (<anonymous>)
      at step (/usr/lib/node_modules/yarn/lib/cli.js:98:30)
      at /usr/lib/node_modules/yarn/lib/cli.js:109:13

npm manifest: 
  {
    "name": "steam-chat",
    "version": "0.0.2",
    "description": "Steam chat for command line",
    "main": "./lib/index.js",
    "dependencies": {
      "steam": "^1.4.0"
    },
    peerDependencies: {
      node-tput: 0.0.5
    },
    "devDependencies": {},
    "scripts": {
      "test": "echo \"Error: no test specified\" && exit 1"
    },
    "repository": {
      "type": "git",
      "url": "git+https://github.com/rei2hu/steam-chat.git"
    },
    "keywords": [
      "steam",
      "steam-chat",
      "chat",
      "steam chat",
      "steamchat"
    ],
    "author": "rei2hu",
    "license": "ISC",
    "bugs": {
      "url": "https://github.com/rei2hu/steam-chat/issues"
    },
    "homepage": "https://github.com/rei2hu/steam-chat#readme"
  }

yarn manifest: 
  No manifest

Lockfile: 
  No lockfile
